<?xml version="1.0" encoding="UTF-8"?>
<!-- Generated by org.testng.reporters.JUnitReportReporter -->
<testsuite hostname="LTIN516640" failures="0" tests="1" name="testCases.TC_002_NewsPage" time="160.203" errors="0" timestamp="2024-05-08T17:03:33 IST" skipped="0">
  <testcase classname="testCases.TC_002_NewsPage" name="newsPageValidation" time="160.203"/>
</testsuite> <!-- testCases.TC_002_NewsPage -->
